<?xml version="1.0" encoding="UTF-8"?><testsuite errors="0" failures="1" name="Make a fligth reservation" skipped="0" tests="1" time="120.04" timestamp="2020-01-29 01:40:21"><testcase name="Successfull flight reservation from main Despegar website"><failure message="Expected enabled element was not enabled" type="net.thucydides.core.webdriver.exceptions.ElementShouldBeEnabledException">Expected enabled element was not enabled</failure><system-err>Expected enabled element was not enabled&#13;
co.com.accenture.certificacion.reviewdespegar.tasks.InsertData.performAs(InsertData.java:25)&#13;
co.com.accenture.certificacion.reviewdespegar.stepdefinitions.FligthReservationStepDefinition.theActorInsertTheDataFromFlight(FligthReservationStepDefinition.java:44)&#13;
cucumber.runner.Runner.runPickle(Runner.java:80)&#13;
org.eclipse.jdt.internal.junit4.runner.JUnit4TestReference.run(JUnit4TestReference.java:89)&#13;
org.eclipse.jdt.internal.junit.runner.TestExecution.run(TestExecution.java:41)&#13;
org.eclipse.jdt.internal.junit.runner.RemoteTestRunner.runTests(RemoteTestRunner.java:541)&#13;
org.eclipse.jdt.internal.junit.runner.RemoteTestRunner.runTests(RemoteTestRunner.java:763)&#13;
org.eclipse.jdt.internal.junit.runner.RemoteTestRunner.run(RemoteTestRunner.java:463)&#13;
org.eclipse.jdt.internal.junit.runner.RemoteTestRunner.main(RemoteTestRunner.java:209)&#13;
</system-err></testcase></testsuite>